<?xml version="1.0" encoding="UTF-8"?>
<testsuite name="AnagramTest" tests="2" skipped="0" failures="0" errors="0" timestamp="2021-06-04T17:27:44" hostname="macs-MacBook-Pro.local" time="0.035">
  <properties/>
  <testcase name="anagramTest" classname="AnagramTest" time="0.034"/>
  <testcase name="nonAnagramTest" classname="AnagramTest" time="0.001"/>
  <system-out><![CDATA[]]></system-out>
  <system-err><![CDATA[]]></system-err>
</testsuite>
